
SQL*Loader: Release 8.1.6.0.0 - Production on Wed May 9 08:24:20 2001

(c) Copyright 1999 Oracle Corporation.  All rights reserved.

Control File:   coll_obj.ctl
Data File:      coll_obj.dat
  Bad File:     coll_obj.bad
  Discard File:  none specified
 
 (Allow all discards)

Number to load: ALL
Number to skip: 0
Errors allowed: 50
Bind array:     64 rows, maximum of 65536 bytes
Continuation:    none specified
Path used:      Conventional

Table FEATURES, loaded from every logical record.
Insert option in effect for this table: TRUNCATE

   Column Name                  Position   Len  Term Encl Datatype
------------------------------ ---------- ----- ---- ---- ---------------------
FEATURE_ID                                                SEQUENCE (COUNT, 1)
FEATURE                           DERIVED     *           COLUMN OBJECT        

*** Fields in FEATURE
FEATURE_NAME                         1:27    27           CHARACTER            
FEATURE_ELEVATION                   29:32     4           CHARACTER            
FEATURE_TYPE                        34:39     6           CHARACTER            
*** End of fields in FEATURE

MODIFICATION_DATE                                         SYSDATE


Table FEATURES:
  6 Rows successfully loaded.
  0 Rows not loaded due to data errors.
  0 Rows not loaded because all WHEN clauses were failed.
  0 Rows not loaded because all fields were null.


Space allocated for bind array:                   4288 bytes(64 rows)
Space allocated for memory besides bind array:        0 bytes

Total logical records skipped:          0
Total logical records read:             6
Total logical records rejected:         0
Total logical records discarded:        0

Run began on Wed May 09 08:24:20 2001
Run ended on Wed May 09 08:24:21 2001

Elapsed time was:     00:00:00.37
CPU time was:         00:00:00.12    
