
SQL*Loader: Release 8.1.6.0.0 - Production on Tue May 8 15:33:25 2001

(c) Copyright 1999 Oracle Corporation.  All rights reserved.

Control File:   when_demo.ctl

There are 2 data files:
Data File:      keweenaw_county_fixed.dat
  Bad File:     keweenaw_county_fixed.bad
  Discard File: keweenaw_county_fixed.dsc 
 (Allow all discards)
Data File:      alger_county_fixed.dat
  Bad File:     alger_county_fixed.bad
  Discard File: alger_county_fixed.dsc 
 (Allow all discards)

Number to load: ALL
Number to skip: 0
Errors allowed: 50
Bind array:     64 rows, maximum of 65536 bytes
Continuation:    none specified
Path used:      Conventional

Table SCHOOL, loaded when FEATURE_TYPE = 0X7363686f6f6c(character 'school')
Insert option in effect for this table: APPEND

   Column Name                  Position   Len  Term Encl Datatype
------------------------------ ---------- ----- ---- ---- ---------------------
STATE                                   1     2           CHARACTER            
SCHOOL_NAME                             4    50           CHARACTER            
FEATURE_TYPE                           55     9           CHARACTER            
  (FILLER FIELD)
COUNTY                                 65    15           CHARACTER            

Table AIRPORT, loaded when FEATURE_TYPE = 0X616972706f7274(character 'airport')
Insert option in effect for this table: APPEND

   Column Name                  Position   Len  Term Encl Datatype
------------------------------ ---------- ----- ---- ---- ---------------------
STATE                                   1     2           CHARACTER            
AIRPORT_NAME                            4    50           CHARACTER            
FEATURE_TYPE                           55     9           CHARACTER            
  (FILLER FIELD)
COUNTY                                 65    15           CHARACTER            


Data File keweenaw_county_fixed.dat -

Record 1: Discarded - failed all WHEN clauses.
Record 2: Discarded - failed all WHEN clauses.
Record 3: Discarded - failed all WHEN clauses.
Record 4: Discarded - failed all WHEN clauses.
Record 5: Discarded - failed all WHEN clauses.
Record 6: Discarded - failed all WHEN clauses.
Record 7: Discarded - failed all WHEN clauses.
Record 8: Discarded - failed all WHEN clauses.
Record 9: Discarded - failed all WHEN clauses.
Record 10: Discarded - failed all WHEN clauses.
Record 11: Discarded - failed all WHEN clauses.
Record 12: Discarded - failed all WHEN clauses.
Record 13: Discarded - failed all WHEN clauses.
Record 14: Discarded - failed all WHEN clauses.
Record 15: Discarded - failed all WHEN clauses.
Record 16: Discarded - failed all WHEN clauses.
Record 18: Discarded - failed all WHEN clauses.
Record 19: Discarded - failed all WHEN clauses.
Record 20: Discarded - failed all WHEN clauses.
Record 21: Discarded - failed all WHEN clauses.
Record 22: Discarded - failed all WHEN clauses.
Record 23: Discarded - failed all WHEN clauses.
Record 24: Discarded - failed all WHEN clauses.
Record 25: Discarded - failed all WHEN clauses.
Record 26: Discarded - failed all WHEN clauses.
Record 27: Discarded - failed all WHEN clauses.
Record 28: Discarded - failed all WHEN clauses.
Record 29: Discarded - failed all WHEN clauses.
Record 30: Discarded - failed all WHEN clauses.
Record 31: Discarded - failed all WHEN clauses.
Record 32: Discarded - failed all WHEN clauses.
Record 33: Discarded - failed all WHEN clauses.
Record 34: Discarded - failed all WHEN clauses.
Record 35: Discarded - failed all WHEN clauses.
Record 36: Discarded - failed all WHEN clauses.
Record 37: Discarded - failed all WHEN clauses.
Record 38: Discarded - failed all WHEN clauses.
Record 39: Discarded - failed all WHEN clauses.
Record 40: Discarded - failed all WHEN clauses.
Record 41: Discarded - failed all WHEN clauses.
Record 42: Discarded - failed all WHEN clauses.
Record 43: Discarded - failed all WHEN clauses.
Record 44: Discarded - failed all WHEN clauses.
Record 45: Discarded - failed all WHEN clauses.
Record 46: Discarded - failed all WHEN clauses.
Record 47: Discarded - failed all WHEN clauses.
Record 48: Discarded - failed all WHEN clauses.
Record 49: Discarded - failed all WHEN clauses.
Record 50: Discarded - failed all WHEN clauses.
Record 51: Discarded - failed all WHEN clauses.
Record 52: Discarded - failed all WHEN clauses.
Record 53: Discarded - failed all WHEN clauses.
Record 54: Discarded - failed all WHEN clauses.
Record 55: Discarded - failed all WHEN clauses.
Record 56: Discarded - failed all WHEN clauses.
Record 57: Discarded - failed all WHEN clauses.
Record 58: Discarded - failed all WHEN clauses.
Record 59: Discarded - failed all WHEN clauses.
Record 60: Discarded - failed all WHEN clauses.
Record 61: Discarded - failed all WHEN clauses.
Record 62: Discarded - failed all WHEN clauses.
Record 63: Discarded - failed all WHEN clauses.
Record 64: Discarded - failed all WHEN clauses.
Record 65: Discarded - failed all WHEN clauses.
Record 66: Discarded - failed all WHEN clauses.
Record 67: Discarded - failed all WHEN clauses.
Record 68: Discarded - failed all WHEN clauses.
Record 69: Discarded - failed all WHEN clauses.
Record 70: Discarded - failed all WHEN clauses.
Record 71: Discarded - failed all WHEN clauses.
Record 72: Discarded - failed all WHEN clauses.
Record 73: Discarded - failed all WHEN clauses.
Record 74: Discarded - failed all WHEN clauses.
Record 75: Discarded - failed all WHEN clauses.
Record 76: Discarded - failed all WHEN clauses.
Record 77: Discarded - failed all WHEN clauses.
Record 78: Discarded - failed all WHEN clauses.
Record 79: Discarded - failed all WHEN clauses.
Record 80: Discarded - failed all WHEN clauses.
Record 81: Discarded - failed all WHEN clauses.
Record 82: Discarded - failed all WHEN clauses.
Record 83: Discarded - failed all WHEN clauses.
Record 84: Discarded - failed all WHEN clauses.
Record 85: Discarded - failed all WHEN clauses.
Record 86: Discarded - failed all WHEN clauses.
Record 87: Discarded - failed all WHEN clauses.
Record 88: Discarded - failed all WHEN clauses.
Record 89: Discarded - failed all WHEN clauses.
Record 90: Discarded - failed all WHEN clauses.
Record 91: Discarded - failed all WHEN clauses.
Record 92: Discarded - failed all WHEN clauses.
Record 93: Discarded - failed all WHEN clauses.
Record 94: Discarded - failed all WHEN clauses.
Record 95: Discarded - failed all WHEN clauses.
Record 96: Discarded - failed all WHEN clauses.
Record 97: Discarded - failed all WHEN clauses.
Record 98: Discarded - failed all WHEN clauses.
Record 99: Discarded - failed all WHEN clauses.
Record 100: Discarded - failed all WHEN clauses.
Record 101: Discarded - failed all WHEN clauses.
Record 102: Discarded - failed all WHEN clauses.
Record 103: Discarded - failed all WHEN clauses.
Record 104: Discarded - failed all WHEN clauses.
Record 105: Discarded - failed all WHEN clauses.
Record 106: Discarded - failed all WHEN clauses.
Record 107: Discarded - failed all WHEN clauses.
Record 109: Discarded - failed all WHEN clauses.
Record 110: Discarded - failed all WHEN clauses.
Record 111: Discarded - failed all WHEN clauses.
Record 112: Discarded - failed all WHEN clauses.
Record 113: Discarded - failed all WHEN clauses.
Record 114: Discarded - failed all WHEN clauses.
Record 115: Discarded - failed all WHEN clauses.
Record 116: Discarded - failed all WHEN clauses.
Record 117: Discarded - failed all WHEN clauses.
Record 118: Discarded - failed all WHEN clauses.
Record 119: Discarded - failed all WHEN clauses.
Record 120: Discarded - failed all WHEN clauses.
Record 121: Discarded - failed all WHEN clauses.
Record 122: Discarded - failed all WHEN clauses.
Record 123: Discarded - failed all WHEN clauses.
Record 124: Discarded - failed all WHEN clauses.
Record 125: Discarded - failed all WHEN clauses.
Record 126: Discarded - failed all WHEN clauses.
Record 127: Discarded - failed all WHEN clauses.
Record 128: Discarded - failed all WHEN clauses.
Record 129: Discarded - failed all WHEN clauses.
Record 130: Discarded - failed all WHEN clauses.
Record 131: Discarded - failed all WHEN clauses.
Record 132: Discarded - failed all WHEN clauses.
Record 133: Discarded - failed all WHEN clauses.
Record 134: Discarded - failed all WHEN clauses.
Record 135: Discarded - failed all WHEN clauses.
Record 136: Discarded - failed all WHEN clauses.
Record 137: Discarded - failed all WHEN clauses.
Record 138: Discarded - failed all WHEN clauses.
Record 139: Discarded - failed all WHEN clauses.
Record 140: Discarded - failed all WHEN clauses.
Record 141: Discarded - failed all WHEN clauses.
Record 142: Discarded - failed all WHEN clauses.
Record 143: Discarded - failed all WHEN clauses.
Record 144: Discarded - failed all WHEN clauses.
Record 145: Discarded - failed all WHEN clauses.
Record 146: Discarded - failed all WHEN clauses.
Record 147: Discarded - failed all WHEN clauses.
Record 148: Discarded - failed all WHEN clauses.
Record 149: Discarded - failed all WHEN clauses.
Record 150: Discarded - failed all WHEN clauses.
Record 151: Discarded - failed all WHEN clauses.
Record 152: Discarded - failed all WHEN clauses.
Record 153: Discarded - failed all WHEN clauses.
Record 154: Discarded - failed all WHEN clauses.
Record 155: Discarded - failed all WHEN clauses.
Record 156: Discarded - failed all WHEN clauses.
Record 157: Discarded - failed all WHEN clauses.
Record 158: Discarded - failed all WHEN clauses.
Record 159: Discarded - failed all WHEN clauses.
Record 160: Discarded - failed all WHEN clauses.
Record 161: Discarded - failed all WHEN clauses.
Record 162: Discarded - failed all WHEN clauses.
Record 163: Discarded - failed all WHEN clauses.
Record 164: Discarded - failed all WHEN clauses.
Record 165: Discarded - failed all WHEN clauses.
Record 166: Discarded - failed all WHEN clauses.
Record 167: Discarded - failed all WHEN clauses.
Record 168: Discarded - failed all WHEN clauses.
Record 169: Discarded - failed all WHEN clauses.
Record 170: Discarded - failed all WHEN clauses.
Record 171: Discarded - failed all WHEN clauses.
Record 172: Discarded - failed all WHEN clauses.
Record 173: Discarded - failed all WHEN clauses.
Record 174: Discarded - failed all WHEN clauses.
Record 175: Discarded - failed all WHEN clauses.
Record 176: Discarded - failed all WHEN clauses.
Record 177: Discarded - failed all WHEN clauses.
Record 178: Discarded - failed all WHEN clauses.
Record 179: Discarded - failed all WHEN clauses.
Record 180: Discarded - failed all WHEN clauses.
Record 181: Discarded - failed all WHEN clauses.
Record 182: Discarded - failed all WHEN clauses.
Record 183: Discarded - failed all WHEN clauses.
Record 184: Discarded - failed all WHEN clauses.
Record 185: Discarded - failed all WHEN clauses.
Record 186: Discarded - failed all WHEN clauses.
Record 187: Discarded - failed all WHEN clauses.
Record 188: Discarded - failed all WHEN clauses.
Record 189: Discarded - failed all WHEN clauses.
Record 190: Discarded - failed all WHEN clauses.
Record 191: Discarded - failed all WHEN clauses.
Record 192: Discarded - failed all WHEN clauses.
Record 193: Discarded - failed all WHEN clauses.
Record 194: Discarded - failed all WHEN clauses.
Record 195: Discarded - failed all WHEN clauses.
Record 196: Discarded - failed all WHEN clauses.
Record 197: Discarded - failed all WHEN clauses.
Record 198: Discarded - failed all WHEN clauses.
Record 199: Discarded - failed all WHEN clauses.
Record 200: Discarded - failed all WHEN clauses.
Record 201: Discarded - failed all WHEN clauses.
Record 202: Discarded - failed all WHEN clauses.
Record 203: Discarded - failed all WHEN clauses.
Record 204: Discarded - failed all WHEN clauses.
Record 205: Discarded - failed all WHEN clauses.
Record 206: Discarded - failed all WHEN clauses.
Record 207: Discarded - failed all WHEN clauses.
Record 208: Discarded - failed all WHEN clauses.
Record 209: Discarded - failed all WHEN clauses.
Record 210: Discarded - failed all WHEN clauses.
Record 211: Discarded - failed all WHEN clauses.
Record 212: Discarded - failed all WHEN clauses.
Record 213: Discarded - failed all WHEN clauses.
Record 214: Discarded - failed all WHEN clauses.
Record 215: Discarded - failed all WHEN clauses.
Record 216: Discarded - failed all WHEN clauses.
Record 217: Discarded - failed all WHEN clauses.
Record 218: Discarded - failed all WHEN clauses.
Record 219: Discarded - failed all WHEN clauses.
Record 220: Discarded - failed all WHEN clauses.
Record 221: Discarded - failed all WHEN clauses.
Record 222: Discarded - failed all WHEN clauses.
Record 223: Discarded - failed all WHEN clauses.
Record 224: Discarded - failed all WHEN clauses.
Record 225: Discarded - failed all WHEN clauses.
Record 226: Discarded - failed all WHEN clauses.
Record 227: Discarded - failed all WHEN clauses.
Record 228: Discarded - failed all WHEN clauses.
Record 229: Discarded - failed all WHEN clauses.
Record 230: Discarded - failed all WHEN clauses.
Record 231: Discarded - failed all WHEN clauses.
Record 232: Discarded - failed all WHEN clauses.
Record 233: Discarded - failed all WHEN clauses.
Record 234: Discarded - failed all WHEN clauses.
Record 235: Discarded - failed all WHEN clauses.
Record 236: Discarded - failed all WHEN clauses.
Record 237: Discarded - failed all WHEN clauses.
Record 238: Discarded - failed all WHEN clauses.
Record 239: Discarded - failed all WHEN clauses.
Record 240: Discarded - failed all WHEN clauses.
Record 241: Discarded - failed all WHEN clauses.
Record 242: Discarded - failed all WHEN clauses.
Record 243: Discarded - failed all WHEN clauses.
Record 244: Discarded - failed all WHEN clauses.
Record 245: Discarded - failed all WHEN clauses.
Record 246: Discarded - failed all WHEN clauses.
Record 247: Discarded - failed all WHEN clauses.
Record 248: Discarded - failed all WHEN clauses.
Record 249: Discarded - failed all WHEN clauses.
Record 250: Discarded - failed all WHEN clauses.
Record 251: Discarded - failed all WHEN clauses.
Record 252: Discarded - failed all WHEN clauses.
Record 253: Discarded - failed all WHEN clauses.
Record 254: Discarded - failed all WHEN clauses.
Record 255: Discarded - failed all WHEN clauses.
Record 256: Discarded - failed all WHEN clauses.
Record 257: Discarded - failed all WHEN clauses.
Record 258: Discarded - failed all WHEN clauses.
Record 259: Discarded - failed all WHEN clauses.
Record 260: Discarded - failed all WHEN clauses.
Record 261: Discarded - failed all WHEN clauses.
Record 262: Discarded - failed all WHEN clauses.
Record 263: Discarded - failed all WHEN clauses.
Record 264: Discarded - failed all WHEN clauses.
Record 265: Discarded - failed all WHEN clauses.
Record 266: Discarded - failed all WHEN clauses.
Record 267: Discarded - failed all WHEN clauses.
Record 268: Discarded - failed all WHEN clauses.
Record 269: Discarded - failed all WHEN clauses.
Record 270: Discarded - failed all WHEN clauses.
Record 271: Discarded - failed all WHEN clauses.
Record 272: Discarded - failed all WHEN clauses.
Record 273: Discarded - failed all WHEN clauses.
Record 274: Discarded - failed all WHEN clauses.
Record 275: Discarded - failed all WHEN clauses.
Record 276: Discarded - failed all WHEN clauses.
Record 277: Discarded - failed all WHEN clauses.
Record 278: Discarded - failed all WHEN clauses.
Record 279: Discarded - failed all WHEN clauses.
Record 280: Discarded - failed all WHEN clauses.
Record 281: Discarded - failed all WHEN clauses.
Record 282: Discarded - failed all WHEN clauses.
Record 283: Discarded - failed all WHEN clauses.
Record 284: Discarded - failed all WHEN clauses.
Record 285: Discarded - failed all WHEN clauses.
Record 286: Discarded - failed all WHEN clauses.
Record 287: Discarded - failed all WHEN clauses.
Record 288: Discarded - failed all WHEN clauses.
Record 289: Discarded - failed all WHEN clauses.
Record 290: Discarded - failed all WHEN clauses.
Record 291: Discarded - failed all WHEN clauses.
Record 292: Discarded - failed all WHEN clauses.
Record 293: Discarded - failed all WHEN clauses.
Record 294: Discarded - failed all WHEN clauses.
Record 295: Discarded - failed all WHEN clauses.
Record 296: Discarded - failed all WHEN clauses.
Record 297: Discarded - failed all WHEN clauses.
Record 298: Discarded - failed all WHEN clauses.
Record 299: Discarded - failed all WHEN clauses.
Record 300: Discarded - failed all WHEN clauses.
Record 301: Discarded - failed all WHEN clauses.
Record 302: Discarded - failed all WHEN clauses.
Record 303: Discarded - failed all WHEN clauses.
Record 304: Discarded - failed all WHEN clauses.
Record 305: Discarded - failed all WHEN clauses.
Record 306: Discarded - failed all WHEN clauses.
Record 307: Discarded - failed all WHEN clauses.
Record 308: Discarded - failed all WHEN clauses.
Record 309: Discarded - failed all WHEN clauses.
Record 310: Discarded - failed all WHEN clauses.
Record 311: Discarded - failed all WHEN clauses.
Record 312: Discarded - failed all WHEN clauses.
Record 313: Discarded - failed all WHEN clauses.
Record 314: Discarded - failed all WHEN clauses.
Record 315: Discarded - failed all WHEN clauses.
Record 316: Discarded - failed all WHEN clauses.
Record 317: Discarded - failed all WHEN clauses.
Record 318: Discarded - failed all WHEN clauses.
Record 319: Discarded - failed all WHEN clauses.
Record 320: Discarded - failed all WHEN clauses.
Record 321: Discarded - failed all WHEN clauses.
Record 322: Discarded - failed all WHEN clauses.
Record 323: Discarded - failed all WHEN clauses.
Record 324: Discarded - failed all WHEN clauses.
Record 325: Discarded - failed all WHEN clauses.
Record 326: Discarded - failed all WHEN clauses.
Record 327: Discarded - failed all WHEN clauses.
Record 328: Discarded - failed all WHEN clauses.
Record 329: Discarded - failed all WHEN clauses.
Record 330: Discarded - failed all WHEN clauses.
Record 331: Discarded - failed all WHEN clauses.
Record 332: Discarded - failed all WHEN clauses.
Record 333: Discarded - failed all WHEN clauses.
Record 334: Discarded - failed all WHEN clauses.
Record 335: Discarded - failed all WHEN clauses.
Record 336: Discarded - failed all WHEN clauses.
Record 337: Discarded - failed all WHEN clauses.
Record 338: Discarded - failed all WHEN clauses.
Record 339: Discarded - failed all WHEN clauses.
Record 340: Discarded - failed all WHEN clauses.
Record 341: Discarded - failed all WHEN clauses.
Record 342: Discarded - failed all WHEN clauses.
Record 343: Discarded - failed all WHEN clauses.
Record 344: Discarded - failed all WHEN clauses.
Record 345: Discarded - failed all WHEN clauses.
Record 346: Discarded - failed all WHEN clauses.
Record 347: Discarded - failed all WHEN clauses.
Record 348: Discarded - failed all WHEN clauses.
Record 349: Discarded - failed all WHEN clauses.
Record 350: Discarded - failed all WHEN clauses.
Record 351: Discarded - failed all WHEN clauses.
Record 352: Discarded - failed all WHEN clauses.
Record 353: Discarded - failed all WHEN clauses.
Record 354: Discarded - failed all WHEN clauses.
Record 355: Discarded - failed all WHEN clauses.
Record 356: Discarded - failed all WHEN clauses.
Record 357: Discarded - failed all WHEN clauses.
Record 358: Discarded - failed all WHEN clauses.
Record 359: Discarded - failed all WHEN clauses.
Record 360: Discarded - failed all WHEN clauses.
Record 361: Discarded - failed all WHEN clauses.
Record 362: Discarded - failed all WHEN clauses.
Record 363: Discarded - failed all WHEN clauses.
Record 364: Discarded - failed all WHEN clauses.
Record 365: Discarded - failed all WHEN clauses.
Record 366: Discarded - failed all WHEN clauses.
Record 367: Discarded - failed all WHEN clauses.
Record 368: Discarded - failed all WHEN clauses.
Record 369: Discarded - failed all WHEN clauses.
Record 370: Discarded - failed all WHEN clauses.
Record 371: Discarded - failed all WHEN clauses.
Record 372: Discarded - failed all WHEN clauses.
Record 373: Discarded - failed all WHEN clauses.
Record 374: Discarded - failed all WHEN clauses.
Record 375: Discarded - failed all WHEN clauses.
Record 376: Discarded - failed all WHEN clauses.
Record 377: Discarded - failed all WHEN clauses.
Record 378: Discarded - failed all WHEN clauses.
Record 379: Discarded - failed all WHEN clauses.
Record 380: Discarded - failed all WHEN clauses.
Record 381: Discarded - failed all WHEN clauses.
Record 382: Discarded - failed all WHEN clauses.
Record 383: Discarded - failed all WHEN clauses.
Record 384: Discarded - failed all WHEN clauses.
Record 385: Discarded - failed all WHEN clauses.
Record 386: Discarded - failed all WHEN clauses.
Record 387: Discarded - failed all WHEN clauses.
Record 388: Discarded - failed all WHEN clauses.
Record 389: Discarded - failed all WHEN clauses.
Record 390: Discarded - failed all WHEN clauses.
Record 391: Discarded - failed all WHEN clauses.
Record 392: Discarded - failed all WHEN clauses.
Record 393: Discarded - failed all WHEN clauses.
Record 394: Discarded - failed all WHEN clauses.
Record 395: Discarded - failed all WHEN clauses.
Record 396: Discarded - failed all WHEN clauses.
Record 397: Discarded - failed all WHEN clauses.
Record 398: Discarded - failed all WHEN clauses.
Record 399: Discarded - failed all WHEN clauses.
Record 400: Discarded - failed all WHEN clauses.
Record 401: Discarded - failed all WHEN clauses.
Record 402: Discarded - failed all WHEN clauses.
Record 403: Discarded - failed all WHEN clauses.
Record 404: Discarded - failed all WHEN clauses.
Record 405: Discarded - failed all WHEN clauses.
Record 406: Discarded - failed all WHEN clauses.
Record 407: Discarded - failed all WHEN clauses.
Record 408: Discarded - failed all WHEN clauses.
Record 409: Discarded - failed all WHEN clauses.
Record 410: Discarded - failed all WHEN clauses.
Record 411: Discarded - failed all WHEN clauses.
Record 412: Discarded - failed all WHEN clauses.
Record 413: Discarded - failed all WHEN clauses.
Record 414: Discarded - failed all WHEN clauses.
Record 415: Discarded - failed all WHEN clauses.
Record 416: Discarded - failed all WHEN clauses.
Record 417: Discarded - failed all WHEN clauses.
Record 418: Discarded - failed all WHEN clauses.
Record 419: Discarded - failed all WHEN clauses.
Record 420: Discarded - failed all WHEN clauses.
Record 421: Discarded - failed all WHEN clauses.
Record 422: Discarded - failed all WHEN clauses.
Record 423: Discarded - failed all WHEN clauses.
Record 424: Discarded - failed all WHEN clauses.
Record 425: Discarded - failed all WHEN clauses.
Record 426: Discarded - failed all WHEN clauses.
Record 427: Discarded - failed all WHEN clauses.
Record 428: Discarded - failed all WHEN clauses.
Record 429: Discarded - failed all WHEN clauses.
Record 430: Discarded - failed all WHEN clauses.
Record 431: Discarded - failed all WHEN clauses.
Record 432: Discarded - failed all WHEN clauses.
Record 433: Discarded - failed all WHEN clauses.
Record 434: Discarded - failed all WHEN clauses.
Record 435: Discarded - failed all WHEN clauses.
Record 436: Discarded - failed all WHEN clauses.
Record 437: Discarded - failed all WHEN clauses.
Record 438: Discarded - failed all WHEN clauses.
Record 439: Discarded - failed all WHEN clauses.
Record 440: Discarded - failed all WHEN clauses.
Record 441: Discarded - failed all WHEN clauses.
Record 442: Discarded - failed all WHEN clauses.
Record 443: Discarded - failed all WHEN clauses.
Record 444: Discarded - failed all WHEN clauses.
Record 445: Discarded - failed all WHEN clauses.
Record 446: Discarded - failed all WHEN clauses.
Record 447: Discarded - failed all WHEN clauses.
Record 448: Discarded - failed all WHEN clauses.
Record 449: Discarded - failed all WHEN clauses.
Record 450: Discarded - failed all WHEN clauses.
Record 451: Discarded - failed all WHEN clauses.
Record 452: Discarded - failed all WHEN clauses.
Record 453: Discarded - failed all WHEN clauses.
Record 454: Discarded - failed all WHEN clauses.
Record 455: Discarded - failed all WHEN clauses.
Record 456: Discarded - failed all WHEN clauses.
Record 457: Discarded - failed all WHEN clauses.
Record 458: Discarded - failed all WHEN clauses.
Record 459: Discarded - failed all WHEN clauses.
Record 460: Discarded - failed all WHEN clauses.
Record 461: Discarded - failed all WHEN clauses.
Record 462: Discarded - failed all WHEN clauses.
Record 463: Discarded - failed all WHEN clauses.
Record 464: Discarded - failed all WHEN clauses.
Record 465: Discarded - failed all WHEN clauses.
Record 466: Discarded - failed all WHEN clauses.
Record 467: Discarded - failed all WHEN clauses.
Record 468: Discarded - failed all WHEN clauses.
Record 469: Discarded - failed all WHEN clauses.
Record 470: Discarded - failed all WHEN clauses.
Record 471: Discarded - failed all WHEN clauses.
Record 472: Discarded - failed all WHEN clauses.
Record 473: Discarded - failed all WHEN clauses.
Record 474: Discarded - failed all WHEN clauses.
Record 475: Discarded - failed all WHEN clauses.
Record 476: Discarded - failed all WHEN clauses.
Record 477: Discarded - failed all WHEN clauses.
Record 478: Discarded - failed all WHEN clauses.
Record 479: Discarded - failed all WHEN clauses.
Record 480: Discarded - failed all WHEN clauses.
Record 481: Discarded - failed all WHEN clauses.
Record 482: Discarded - failed all WHEN clauses.
Record 483: Discarded - failed all WHEN clauses.
Record 484: Discarded - failed all WHEN clauses.
Record 485: Discarded - failed all WHEN clauses.
Record 486: Discarded - failed all WHEN clauses.
Record 487: Discarded - failed all WHEN clauses.
Record 488: Discarded - failed all WHEN clauses.
Record 489: Discarded - failed all WHEN clauses.
Record 490: Discarded - failed all WHEN clauses.
Record 491: Discarded - failed all WHEN clauses.
Record 492: Discarded - failed all WHEN clauses.
Record 493: Discarded - failed all WHEN clauses.
Record 494: Discarded - failed all WHEN clauses.
Record 495: Discarded - failed all WHEN clauses.
Record 496: Discarded - failed all WHEN clauses.
Record 497: Discarded - failed all WHEN clauses.
Record 498: Discarded - failed all WHEN clauses.
Record 499: Discarded - failed all WHEN clauses.
Record 500: Discarded - failed all WHEN clauses.
Record 501: Discarded - failed all WHEN clauses.
Record 502: Discarded - failed all WHEN clauses.
Record 503: Discarded - failed all WHEN clauses.
Record 504: Discarded - failed all WHEN clauses.
Record 505: Discarded - failed all WHEN clauses.
Record 506: Discarded - failed all WHEN clauses.
Record 507: Discarded - failed all WHEN clauses.
Record 508: Discarded - failed all WHEN clauses.
Record 509: Discarded - failed all WHEN clauses.
Record 510: Discarded - failed all WHEN clauses.
Record 511: Discarded - failed all WHEN clauses.
Record 512: Discarded - failed all WHEN clauses.
Record 513: Discarded - failed all WHEN clauses.
Record 514: Discarded - failed all WHEN clauses.
Record 515: Discarded - failed all WHEN clauses.
Record 516: Discarded - failed all WHEN clauses.
Record 517: Discarded - failed all WHEN clauses.
Record 518: Discarded - failed all WHEN clauses.
Record 519: Discarded - failed all WHEN clauses.
Record 520: Discarded - failed all WHEN clauses.
Record 521: Discarded - failed all WHEN clauses.
Record 522: Discarded - failed all WHEN clauses.
Record 523: Discarded - failed all WHEN clauses.
Record 524: Discarded - failed all WHEN clauses.
Record 525: Discarded - failed all WHEN clauses.
Record 526: Discarded - failed all WHEN clauses.
Record 527: Discarded - failed all WHEN clauses.
Record 528: Discarded - failed all WHEN clauses.
Record 529: Discarded - failed all WHEN clauses.
Record 530: Discarded - failed all WHEN clauses.
Record 531: Discarded - failed all WHEN clauses.
Record 532: Discarded - failed all WHEN clauses.
Record 533: Discarded - failed all WHEN clauses.
Record 534: Discarded - failed all WHEN clauses.
Record 535: Discarded - failed all WHEN clauses.
Record 536: Discarded - failed all WHEN clauses.
Record 537: Discarded - failed all WHEN clauses.
Record 538: Discarded - failed all WHEN clauses.
Record 539: Discarded - failed all WHEN clauses.
Record 540: Discarded - failed all WHEN clauses.
Record 541: Discarded - failed all WHEN clauses.
Record 542: Discarded - failed all WHEN clauses.
Record 543: Discarded - failed all WHEN clauses.
Record 544: Discarded - failed all WHEN clauses.
Record 545: Discarded - failed all WHEN clauses.
Record 546: Discarded - failed all WHEN clauses.
Record 547: Discarded - failed all WHEN clauses.
Record 548: Discarded - failed all WHEN clauses.
Record 549: Discarded - failed all WHEN clauses.
Record 550: Discarded - failed all WHEN clauses.
Record 551: Discarded - failed all WHEN clauses.
Record 552: Discarded - failed all WHEN clauses.
Record 553: Discarded - failed all WHEN clauses.
Record 554: Discarded - failed all WHEN clauses.
Record 555: Discarded - failed all WHEN clauses.
Record 556: Discarded - failed all WHEN clauses.
Record 557: Discarded - failed all WHEN clauses.
Record 558: Discarded - failed all WHEN clauses.
Record 559: Discarded - failed all WHEN clauses.

Data File alger_county_fixed.dat -

Record 560: Discarded - failed all WHEN clauses.
Record 561: Discarded - failed all WHEN clauses.
Record 562: Discarded - failed all WHEN clauses.
Record 563: Discarded - failed all WHEN clauses.
Record 564: Discarded - failed all WHEN clauses.
Record 565: Discarded - failed all WHEN clauses.
Record 566: Discarded - failed all WHEN clauses.
Record 567: Discarded - failed all WHEN clauses.
Record 568: Discarded - failed all WHEN clauses.
Record 569: Discarded - failed all WHEN clauses.
Record 570: Discarded - failed all WHEN clauses.
Record 571: Discarded - failed all WHEN clauses.
Record 572: Discarded - failed all WHEN clauses.
Record 573: Discarded - failed all WHEN clauses.
Record 574: Discarded - failed all WHEN clauses.
Record 575: Discarded - failed all WHEN clauses.
Record 576: Discarded - failed all WHEN clauses.
Record 577: Discarded - failed all WHEN clauses.
Record 578: Discarded - failed all WHEN clauses.
Record 580: Discarded - failed all WHEN clauses.
Record 581: Discarded - failed all WHEN clauses.
Record 582: Discarded - failed all WHEN clauses.
Record 583: Discarded - failed all WHEN clauses.
Record 584: Discarded - failed all WHEN clauses.
Record 585: Discarded - failed all WHEN clauses.
Record 586: Discarded - failed all WHEN clauses.
Record 587: Discarded - failed all WHEN clauses.
Record 588: Discarded - failed all WHEN clauses.
Record 589: Discarded - failed all WHEN clauses.
Record 590: Discarded - failed all WHEN clauses.
Record 591: Discarded - failed all WHEN clauses.
Record 592: Discarded - failed all WHEN clauses.
Record 593: Discarded - failed all WHEN clauses.
Record 594: Discarded - failed all WHEN clauses.
Record 595: Discarded - failed all WHEN clauses.
Record 596: Discarded - failed all WHEN clauses.
Record 597: Discarded - failed all WHEN clauses.
Record 598: Discarded - failed all WHEN clauses.
Record 599: Discarded - failed all WHEN clauses.
Record 601: Discarded - failed all WHEN clauses.
Record 602: Discarded - failed all WHEN clauses.
Record 603: Discarded - failed all WHEN clauses.
Record 604: Discarded - failed all WHEN clauses.
Record 605: Discarded - failed all WHEN clauses.
Record 606: Discarded - failed all WHEN clauses.
Record 607: Discarded - failed all WHEN clauses.
Record 609: Discarded - failed all WHEN clauses.
Record 611: Discarded - failed all WHEN clauses.
Record 612: Discarded - failed all WHEN clauses.
Record 613: Discarded - failed all WHEN clauses.
Record 614: Discarded - failed all WHEN clauses.
Record 615: Discarded - failed all WHEN clauses.
Record 616: Discarded - failed all WHEN clauses.
Record 617: Discarded - failed all WHEN clauses.
Record 618: Discarded - failed all WHEN clauses.
Record 619: Discarded - failed all WHEN clauses.
Record 620: Discarded - failed all WHEN clauses.
Record 621: Discarded - failed all WHEN clauses.
Record 622: Discarded - failed all WHEN clauses.
Record 623: Discarded - failed all WHEN clauses.
Record 624: Discarded - failed all WHEN clauses.
Record 625: Discarded - failed all WHEN clauses.
Record 626: Discarded - failed all WHEN clauses.
Record 627: Discarded - failed all WHEN clauses.
Record 628: Discarded - failed all WHEN clauses.
Record 629: Discarded - failed all WHEN clauses.
Record 630: Discarded - failed all WHEN clauses.
Record 631: Discarded - failed all WHEN clauses.
Record 632: Discarded - failed all WHEN clauses.
Record 633: Discarded - failed all WHEN clauses.
Record 634: Discarded - failed all WHEN clauses.
Record 635: Discarded - failed all WHEN clauses.
Record 636: Discarded - failed all WHEN clauses.
Record 637: Discarded - failed all WHEN clauses.
Record 638: Discarded - failed all WHEN clauses.
Record 639: Discarded - failed all WHEN clauses.
Record 640: Discarded - failed all WHEN clauses.
Record 641: Discarded - failed all WHEN clauses.
Record 642: Discarded - failed all WHEN clauses.
Record 643: Discarded - failed all WHEN clauses.
Record 644: Discarded - failed all WHEN clauses.
Record 645: Discarded - failed all WHEN clauses.
Record 646: Discarded - failed all WHEN clauses.
Record 647: Discarded - failed all WHEN clauses.
Record 648: Discarded - failed all WHEN clauses.
Record 649: Discarded - failed all WHEN clauses.
Record 650: Discarded - failed all WHEN clauses.
Record 651: Discarded - failed all WHEN clauses.
Record 652: Discarded - failed all WHEN clauses.
Record 653: Discarded - failed all WHEN clauses.
Record 654: Discarded - failed all WHEN clauses.
Record 655: Discarded - failed all WHEN clauses.
Record 656: Discarded - failed all WHEN clauses.
Record 657: Discarded - failed all WHEN clauses.
Record 658: Discarded - failed all WHEN clauses.
Record 659: Discarded - failed all WHEN clauses.
Record 660: Discarded - failed all WHEN clauses.
Record 661: Discarded - failed all WHEN clauses.
Record 662: Discarded - failed all WHEN clauses.
Record 664: Discarded - failed all WHEN clauses.
Record 665: Discarded - failed all WHEN clauses.
Record 666: Discarded - failed all WHEN clauses.
Record 667: Discarded - failed all WHEN clauses.
Record 668: Discarded - failed all WHEN clauses.
Record 669: Discarded - failed all WHEN clauses.
Record 670: Discarded - failed all WHEN clauses.
Record 671: Discarded - failed all WHEN clauses.
Record 672: Discarded - failed all WHEN clauses.
Record 673: Discarded - failed all WHEN clauses.
Record 674: Discarded - failed all WHEN clauses.
Record 675: Discarded - failed all WHEN clauses.
Record 676: Discarded - failed all WHEN clauses.
Record 677: Discarded - failed all WHEN clauses.
Record 678: Discarded - failed all WHEN clauses.
Record 679: Discarded - failed all WHEN clauses.
Record 680: Discarded - failed all WHEN clauses.
Record 681: Discarded - failed all WHEN clauses.
Record 682: Discarded - failed all WHEN clauses.
Record 683: Discarded - failed all WHEN clauses.
Record 684: Discarded - failed all WHEN clauses.
Record 685: Discarded - failed all WHEN clauses.
Record 686: Discarded - failed all WHEN clauses.
Record 687: Discarded - failed all WHEN clauses.
Record 688: Discarded - failed all WHEN clauses.
Record 689: Discarded - failed all WHEN clauses.
Record 690: Discarded - failed all WHEN clauses.
Record 691: Discarded - failed all WHEN clauses.
Record 692: Discarded - failed all WHEN clauses.
Record 693: Discarded - failed all WHEN clauses.
Record 694: Discarded - failed all WHEN clauses.
Record 695: Discarded - failed all WHEN clauses.
Record 696: Discarded - failed all WHEN clauses.
Record 697: Discarded - failed all WHEN clauses.
Record 698: Discarded - failed all WHEN clauses.
Record 699: Discarded - failed all WHEN clauses.
Record 700: Discarded - failed all WHEN clauses.
Record 701: Discarded - failed all WHEN clauses.
Record 702: Discarded - failed all WHEN clauses.
Record 703: Discarded - failed all WHEN clauses.
Record 704: Discarded - failed all WHEN clauses.
Record 705: Discarded - failed all WHEN clauses.
Record 706: Discarded - failed all WHEN clauses.
Record 707: Discarded - failed all WHEN clauses.
Record 708: Discarded - failed all WHEN clauses.
Record 709: Discarded - failed all WHEN clauses.
Record 710: Discarded - failed all WHEN clauses.
Record 711: Discarded - failed all WHEN clauses.
Record 712: Discarded - failed all WHEN clauses.
Record 713: Discarded - failed all WHEN clauses.
Record 714: Discarded - failed all WHEN clauses.
Record 715: Discarded - failed all WHEN clauses.
Record 716: Discarded - failed all WHEN clauses.
Record 717: Discarded - failed all WHEN clauses.
Record 718: Discarded - failed all WHEN clauses.
Record 719: Discarded - failed all WHEN clauses.
Record 720: Discarded - failed all WHEN clauses.
Record 721: Discarded - failed all WHEN clauses.
Record 722: Discarded - failed all WHEN clauses.
Record 723: Discarded - failed all WHEN clauses.
Record 724: Discarded - failed all WHEN clauses.
Record 725: Discarded - failed all WHEN clauses.
Record 726: Discarded - failed all WHEN clauses.
Record 727: Discarded - failed all WHEN clauses.
Record 728: Discarded - failed all WHEN clauses.
Record 729: Discarded - failed all WHEN clauses.
Record 730: Discarded - failed all WHEN clauses.
Record 731: Discarded - failed all WHEN clauses.
Record 732: Discarded - failed all WHEN clauses.
Record 733: Discarded - failed all WHEN clauses.
Record 734: Discarded - failed all WHEN clauses.
Record 735: Discarded - failed all WHEN clauses.
Record 736: Discarded - failed all WHEN clauses.
Record 737: Discarded - failed all WHEN clauses.
Record 738: Discarded - failed all WHEN clauses.
Record 739: Discarded - failed all WHEN clauses.
Record 740: Discarded - failed all WHEN clauses.
Record 741: Discarded - failed all WHEN clauses.
Record 742: Discarded - failed all WHEN clauses.
Record 743: Discarded - failed all WHEN clauses.
Record 744: Discarded - failed all WHEN clauses.
Record 745: Discarded - failed all WHEN clauses.
Record 746: Discarded - failed all WHEN clauses.
Record 747: Discarded - failed all WHEN clauses.
Record 748: Discarded - failed all WHEN clauses.
Record 749: Discarded - failed all WHEN clauses.
Record 750: Discarded - failed all WHEN clauses.
Record 751: Discarded - failed all WHEN clauses.
Record 752: Discarded - failed all WHEN clauses.
Record 753: Discarded - failed all WHEN clauses.
Record 754: Discarded - failed all WHEN clauses.
Record 755: Discarded - failed all WHEN clauses.
Record 756: Discarded - failed all WHEN clauses.
Record 757: Discarded - failed all WHEN clauses.
Record 758: Discarded - failed all WHEN clauses.
Record 759: Discarded - failed all WHEN clauses.
Record 760: Discarded - failed all WHEN clauses.
Record 761: Discarded - failed all WHEN clauses.
Record 762: Discarded - failed all WHEN clauses.
Record 763: Discarded - failed all WHEN clauses.
Record 764: Discarded - failed all WHEN clauses.
Record 765: Discarded - failed all WHEN clauses.
Record 766: Discarded - failed all WHEN clauses.
Record 767: Discarded - failed all WHEN clauses.
Record 768: Discarded - failed all WHEN clauses.
Record 769: Discarded - failed all WHEN clauses.
Record 770: Discarded - failed all WHEN clauses.
Record 771: Discarded - failed all WHEN clauses.
Record 772: Discarded - failed all WHEN clauses.
Record 773: Discarded - failed all WHEN clauses.
Record 774: Discarded - failed all WHEN clauses.
Record 775: Discarded - failed all WHEN clauses.
Record 776: Discarded - failed all WHEN clauses.
Record 777: Discarded - failed all WHEN clauses.
Record 778: Discarded - failed all WHEN clauses.
Record 779: Discarded - failed all WHEN clauses.
Record 780: Discarded - failed all WHEN clauses.
Record 781: Discarded - failed all WHEN clauses.
Record 782: Discarded - failed all WHEN clauses.
Record 783: Discarded - failed all WHEN clauses.
Record 784: Discarded - failed all WHEN clauses.
Record 785: Discarded - failed all WHEN clauses.
Record 786: Discarded - failed all WHEN clauses.
Record 787: Discarded - failed all WHEN clauses.
Record 788: Discarded - failed all WHEN clauses.
Record 789: Discarded - failed all WHEN clauses.
Record 790: Discarded - failed all WHEN clauses.
Record 791: Discarded - failed all WHEN clauses.
Record 792: Discarded - failed all WHEN clauses.
Record 793: Discarded - failed all WHEN clauses.
Record 794: Discarded - failed all WHEN clauses.
Record 795: Discarded - failed all WHEN clauses.
Record 796: Discarded - failed all WHEN clauses.
Record 797: Discarded - failed all WHEN clauses.
Record 798: Discarded - failed all WHEN clauses.
Record 799: Discarded - failed all WHEN clauses.
Record 800: Discarded - failed all WHEN clauses.
Record 801: Discarded - failed all WHEN clauses.
Record 802: Discarded - failed all WHEN clauses.
Record 803: Discarded - failed all WHEN clauses.
Record 804: Discarded - failed all WHEN clauses.
Record 805: Discarded - failed all WHEN clauses.
Record 806: Discarded - failed all WHEN clauses.
Record 807: Discarded - failed all WHEN clauses.
Record 808: Discarded - failed all WHEN clauses.
Record 809: Discarded - failed all WHEN clauses.
Record 810: Discarded - failed all WHEN clauses.
Record 811: Discarded - failed all WHEN clauses.
Record 812: Discarded - failed all WHEN clauses.
Record 813: Discarded - failed all WHEN clauses.
Record 814: Discarded - failed all WHEN clauses.
Record 815: Discarded - failed all WHEN clauses.
Record 816: Discarded - failed all WHEN clauses.
Record 817: Discarded - failed all WHEN clauses.
Record 818: Discarded - failed all WHEN clauses.
Record 819: Discarded - failed all WHEN clauses.
Record 820: Discarded - failed all WHEN clauses.
Record 821: Discarded - failed all WHEN clauses.
Record 822: Discarded - failed all WHEN clauses.
Record 823: Discarded - failed all WHEN clauses.
Record 824: Discarded - failed all WHEN clauses.
Record 825: Discarded - failed all WHEN clauses.
Record 826: Discarded - failed all WHEN clauses.
Record 827: Discarded - failed all WHEN clauses.
Record 828: Discarded - failed all WHEN clauses.
Record 829: Discarded - failed all WHEN clauses.
Record 830: Discarded - failed all WHEN clauses.
Record 831: Discarded - failed all WHEN clauses.
Record 832: Discarded - failed all WHEN clauses.
Record 833: Discarded - failed all WHEN clauses.
Record 834: Discarded - failed all WHEN clauses.
Record 835: Discarded - failed all WHEN clauses.
Record 836: Discarded - failed all WHEN clauses.
Record 837: Discarded - failed all WHEN clauses.
Record 838: Discarded - failed all WHEN clauses.
Record 839: Discarded - failed all WHEN clauses.
Record 840: Discarded - failed all WHEN clauses.
Record 841: Discarded - failed all WHEN clauses.
Record 842: Discarded - failed all WHEN clauses.
Record 843: Discarded - failed all WHEN clauses.
Record 844: Discarded - failed all WHEN clauses.
Record 845: Discarded - failed all WHEN clauses.
Record 846: Discarded - failed all WHEN clauses.
Record 847: Discarded - failed all WHEN clauses.
Record 848: Discarded - failed all WHEN clauses.
Record 849: Discarded - failed all WHEN clauses.
Record 850: Discarded - failed all WHEN clauses.
Record 851: Discarded - failed all WHEN clauses.
Record 852: Discarded - failed all WHEN clauses.
Record 853: Discarded - failed all WHEN clauses.
Record 854: Discarded - failed all WHEN clauses.
Record 855: Discarded - failed all WHEN clauses.
Record 856: Discarded - failed all WHEN clauses.
Record 857: Discarded - failed all WHEN clauses.
Record 858: Discarded - failed all WHEN clauses.
Record 859: Discarded - failed all WHEN clauses.
Record 860: Discarded - failed all WHEN clauses.
Record 861: Discarded - failed all WHEN clauses.
Record 862: Discarded - failed all WHEN clauses.
Record 863: Discarded - failed all WHEN clauses.
Record 864: Discarded - failed all WHEN clauses.
Record 865: Discarded - failed all WHEN clauses.
Record 866: Discarded - failed all WHEN clauses.
Record 867: Discarded - failed all WHEN clauses.
Record 868: Discarded - failed all WHEN clauses.
Record 869: Discarded - failed all WHEN clauses.
Record 870: Discarded - failed all WHEN clauses.
Record 871: Discarded - failed all WHEN clauses.
Record 872: Discarded - failed all WHEN clauses.
Record 873: Discarded - failed all WHEN clauses.
Record 874: Discarded - failed all WHEN clauses.
Record 875: Discarded - failed all WHEN clauses.
Record 876: Discarded - failed all WHEN clauses.
Record 877: Discarded - failed all WHEN clauses.
Record 878: Discarded - failed all WHEN clauses.
Record 879: Discarded - failed all WHEN clauses.
Record 880: Discarded - failed all WHEN clauses.
Record 881: Discarded - failed all WHEN clauses.
Record 882: Discarded - failed all WHEN clauses.
Record 883: Discarded - failed all WHEN clauses.
Record 884: Discarded - failed all WHEN clauses.
Record 885: Discarded - failed all WHEN clauses.
Record 886: Discarded - failed all WHEN clauses.
Record 887: Discarded - failed all WHEN clauses.
Record 888: Discarded - failed all WHEN clauses.
Record 890: Discarded - failed all WHEN clauses.
Record 891: Discarded - failed all WHEN clauses.
Record 892: Discarded - failed all WHEN clauses.
Record 893: Discarded - failed all WHEN clauses.
Record 894: Discarded - failed all WHEN clauses.
Record 895: Discarded - failed all WHEN clauses.
Record 896: Discarded - failed all WHEN clauses.
Record 897: Discarded - failed all WHEN clauses.
Record 898: Discarded - failed all WHEN clauses.
Record 899: Discarded - failed all WHEN clauses.
Record 900: Discarded - failed all WHEN clauses.
Record 901: Discarded - failed all WHEN clauses.
Record 902: Discarded - failed all WHEN clauses.
Record 903: Discarded - failed all WHEN clauses.
Record 904: Discarded - failed all WHEN clauses.
Record 905: Discarded - failed all WHEN clauses.
Record 906: Discarded - failed all WHEN clauses.
Record 907: Discarded - failed all WHEN clauses.
Record 908: Discarded - failed all WHEN clauses.
Record 909: Discarded - failed all WHEN clauses.
Record 910: Discarded - failed all WHEN clauses.
Record 911: Discarded - failed all WHEN clauses.
Record 912: Discarded - failed all WHEN clauses.
Record 913: Discarded - failed all WHEN clauses.
Record 914: Discarded - failed all WHEN clauses.
Record 915: Discarded - failed all WHEN clauses.
Record 916: Discarded - failed all WHEN clauses.
Record 917: Discarded - failed all WHEN clauses.
Record 918: Discarded - failed all WHEN clauses.
Record 919: Discarded - failed all WHEN clauses.
Record 920: Discarded - failed all WHEN clauses.
Record 921: Discarded - failed all WHEN clauses.
Record 922: Discarded - failed all WHEN clauses.
Record 923: Discarded - failed all WHEN clauses.
Record 924: Discarded - failed all WHEN clauses.
Record 925: Discarded - failed all WHEN clauses.
Record 926: Discarded - failed all WHEN clauses.
Record 927: Discarded - failed all WHEN clauses.
Record 928: Discarded - failed all WHEN clauses.
Record 929: Discarded - failed all WHEN clauses.
Record 930: Discarded - failed all WHEN clauses.
Record 931: Discarded - failed all WHEN clauses.
Record 932: Discarded - failed all WHEN clauses.
Record 933: Discarded - failed all WHEN clauses.
Record 934: Discarded - failed all WHEN clauses.
Record 935: Discarded - failed all WHEN clauses.
Record 936: Discarded - failed all WHEN clauses.
Record 937: Discarded - failed all WHEN clauses.
Record 938: Discarded - failed all WHEN clauses.
Record 939: Discarded - failed all WHEN clauses.
Record 940: Discarded - failed all WHEN clauses.
Record 941: Discarded - failed all WHEN clauses.
Record 942: Discarded - failed all WHEN clauses.
Record 943: Discarded - failed all WHEN clauses.
Record 944: Discarded - failed all WHEN clauses.
Record 945: Discarded - failed all WHEN clauses.
Record 946: Discarded - failed all WHEN clauses.
Record 947: Discarded - failed all WHEN clauses.
Record 948: Discarded - failed all WHEN clauses.
Record 949: Discarded - failed all WHEN clauses.
Record 950: Discarded - failed all WHEN clauses.
Record 951: Discarded - failed all WHEN clauses.
Record 952: Discarded - failed all WHEN clauses.
Record 953: Discarded - failed all WHEN clauses.
Record 954: Discarded - failed all WHEN clauses.
Record 955: Discarded - failed all WHEN clauses.
Record 956: Discarded - failed all WHEN clauses.
Record 957: Discarded - failed all WHEN clauses.
Record 958: Discarded - failed all WHEN clauses.
Record 959: Discarded - failed all WHEN clauses.
Record 960: Discarded - failed all WHEN clauses.
Record 961: Discarded - failed all WHEN clauses.
Record 962: Discarded - failed all WHEN clauses.
Record 963: Discarded - failed all WHEN clauses.
Record 964: Discarded - failed all WHEN clauses.
Record 965: Discarded - failed all WHEN clauses.
Record 966: Discarded - failed all WHEN clauses.
Record 967: Discarded - failed all WHEN clauses.
Record 968: Discarded - failed all WHEN clauses.
Record 969: Discarded - failed all WHEN clauses.
Record 970: Discarded - failed all WHEN clauses.
Record 971: Discarded - failed all WHEN clauses.
Record 972: Discarded - failed all WHEN clauses.
Record 973: Discarded - failed all WHEN clauses.
Record 974: Discarded - failed all WHEN clauses.
Record 975: Discarded - failed all WHEN clauses.
Record 976: Discarded - failed all WHEN clauses.
Record 977: Discarded - failed all WHEN clauses.
Record 978: Discarded - failed all WHEN clauses.
Record 979: Discarded - failed all WHEN clauses.
Record 980: Discarded - failed all WHEN clauses.
Record 981: Discarded - failed all WHEN clauses.
Record 982: Discarded - failed all WHEN clauses.
Record 983: Discarded - failed all WHEN clauses.
Record 984: Discarded - failed all WHEN clauses.
Record 985: Discarded - failed all WHEN clauses.
Record 986: Discarded - failed all WHEN clauses.
Record 987: Discarded - failed all WHEN clauses.
Record 988: Discarded - failed all WHEN clauses.
Record 989: Discarded - failed all WHEN clauses.
Record 990: Discarded - failed all WHEN clauses.
Record 991: Discarded - failed all WHEN clauses.
Record 992: Discarded - failed all WHEN clauses.
Record 993: Discarded - failed all WHEN clauses.
Record 994: Discarded - failed all WHEN clauses.
Record 995: Discarded - failed all WHEN clauses.
Record 996: Discarded - failed all WHEN clauses.
Record 997: Discarded - failed all WHEN clauses.
Record 998: Discarded - failed all WHEN clauses.
Record 999: Discarded - failed all WHEN clauses.
Record 1000: Discarded - failed all WHEN clauses.
Record 1001: Discarded - failed all WHEN clauses.
Record 1002: Discarded - failed all WHEN clauses.
Record 1003: Discarded - failed all WHEN clauses.
Record 1004: Discarded - failed all WHEN clauses.
Record 1005: Discarded - failed all WHEN clauses.
Record 1006: Discarded - failed all WHEN clauses.
Record 1007: Discarded - failed all WHEN clauses.
Record 1008: Discarded - failed all WHEN clauses.
Record 1009: Discarded - failed all WHEN clauses.
Record 1010: Discarded - failed all WHEN clauses.
Record 1011: Discarded - failed all WHEN clauses.
Record 1012: Discarded - failed all WHEN clauses.
Record 1013: Discarded - failed all WHEN clauses.
Record 1014: Discarded - failed all WHEN clauses.
Record 1015: Discarded - failed all WHEN clauses.
Record 1016: Discarded - failed all WHEN clauses.
Record 1017: Discarded - failed all WHEN clauses.
Record 1018: Discarded - failed all WHEN clauses.
Record 1019: Discarded - failed all WHEN clauses.
Record 1020: Discarded - failed all WHEN clauses.
Record 1021: Discarded - failed all WHEN clauses.
Record 1022: Discarded - failed all WHEN clauses.
Record 1023: Discarded - failed all WHEN clauses.
Record 1024: Discarded - failed all WHEN clauses.
Record 1025: Discarded - failed all WHEN clauses.
Record 1026: Discarded - failed all WHEN clauses.
Record 1027: Discarded - failed all WHEN clauses.
Record 1028: Discarded - failed all WHEN clauses.
Record 1029: Discarded - failed all WHEN clauses.
Record 1030: Discarded - failed all WHEN clauses.
Record 1031: Discarded - failed all WHEN clauses.
Record 1032: Discarded - failed all WHEN clauses.
Record 1033: Discarded - failed all WHEN clauses.
Record 1034: Discarded - failed all WHEN clauses.
Record 1035: Discarded - failed all WHEN clauses.
Record 1036: Discarded - failed all WHEN clauses.
Record 1037: Discarded - failed all WHEN clauses.

Table SCHOOL:
  4 Rows successfully loaded.
  0 Rows not loaded due to data errors.
  1033 Rows not loaded because all WHEN clauses were failed.
  0 Rows not loaded because all fields were null.


Table AIRPORT:
  4 Rows successfully loaded.
  0 Rows not loaded due to data errors.
  1033 Rows not loaded because all WHEN clauses were failed.
  0 Rows not loaded because all fields were null.


Space allocated for bind array:                  11008 bytes(64 rows)
Space allocated for memory besides bind array:        0 bytes

Total logical records skipped:          0
Total logical records read:          1037
Total logical records rejected:         0
Total logical records discarded:     1029

Run began on Tue May 08 15:33:25 2001
Run ended on Tue May 08 15:33:26 2001

Elapsed time was:     00:00:00.32
CPU time was:         00:00:00.21    
